Arguments: 
  D:\Node\node.exe D:\yarn\bin\yarn.js add node-sass --save

PATH: 
  C:\ProgramData\Oracle\Java\javapath;C:\WINDOWS\system32;C:\WINDOWS;C:\WINDOWS\System32\Wbem;C:\WINDOWS\System32\WindowsPowerShell\v1.0\;D:\Redis\;D:\yarn\bin;C:\Program Files\Git\cmd;D:\Node\;D:\JAVA\jdk1.8.0_121\bin;D:\JAVA\jdk1.8.0_121\jre\bin;C:\Program Files\ConEmu;D:\nginx-1.11.6;C:\Program Files\MongoDB\Server\3.4\bin;C:\Users\hzzmy\AppData\Local\Yarn\.bin;D:\Microsoft VS Code\bin;C:\Users\hzzmy\AppData\Roaming\npm

Yarn version: 
  0.18.1

Node version: 
  7.7.1

Platform: 
  win32 x64

npm manifest: 
  {
    "name": "frontend",
    "version": "0.0.0",
    "license": "MIT",
    "angular-cli": {},
    "scripts": {
      "ng": "ng",
      "start": "ng serve",
      "test": "ng test",
      "pree2e": "webdriver-manager update --standalone false --gecko false",
      "e2e": "protractor"
    },
    "private": true,
    "dependencies": {
      "@angular/common": "^2.3.1",
      "@angular/compiler": "^2.3.1",
      "@angular/core": "^2.3.1",
      "@angular/forms": "^2.3.1",
      "@angular/http": "^2.3.1",
      "@angular/platform-browser": "^2.3.1",
      "@angular/platform-browser-dynamic": "^2.3.1",
      "@angular/router": "^3.3.1",
      "core-js": "^2.4.1",
      "rxjs": "^5.0.1",
      "ts-helpers": "^1.1.1",
      "zone.js": "^0.7.2"
    },
    "devDependencies": {
      "@angular/compiler-cli": "^2.3.1",
      "@types/jasmine": "2.5.38",
      "@types/node": "^6.0.42",
      "angular-cli": "1.0.0-beta.28.3",
      "codelyzer": "~2.0.0-beta.1",
      "jasmine-core": "2.5.2",
      "jasmine-spec-reporter": "2.5.0",
      "karma": "1.2.0",
      "karma-chrome-launcher": "^2.0.0",
      "karma-cli": "^1.0.1",
      "karma-jasmine": "^1.0.2",
      "karma-remap-istanbul": "^0.2.1",
      "node-sass": "^4.5.0",
      "protractor": "~4.0.13",
      "ts-node": "1.2.1",
      "tslint": "^4.3.0",
      "typescript": "~2.0.3"
    }
  }

yarn manifest: 
  No manifest

Lockfile: 
  No lockfile

Trace: 
  Error: ENOENT: no such file or directory, stat 'E:\MyDemo\WebChat\frontend\node_modules\node-sass'
